# JRE version: Java(TM) SE Runtime Environment (8.0_152-b16) (build 1.8.0_152-b16)
# Java VM: Java HotSpot(TM) 64-Bit Server VM (25.152-b16 mixed mode windows-amd64 compressed oops)
Heap:
 PSYoungGen      total 348160K, used 21850K [0x00000000d5d80000, 0x00000000ed500000, 0x0000000100000000)
  eden space 319488K, 6% used [0x00000000d5d80000,0x00000000d72d6a10,0x00000000e9580000)
  from space 28672K, 0% used [0x00000000eb400000,0x00000000eb400000,0x00000000ed000000)
  to   space 31232K, 0% used [0x00000000e9580000,0x00000000e9580000,0x00000000eb400000)
 ParOldGen       total 68096K, used 37059K [0x0000000081800000, 0x0000000085a80000, 0x00000000d5d80000)
  object space 68096K, 54% used [0x0000000081800000,0x0000000083c30f68,0x0000000085a80000)
 Metaspace       used 29796K, capacity 30528K, committed 33024K, reserved 1079296K
  class space    used 3471K, capacity 3687K, committed 4096K, reserved 1048576K
GC Heap History (10 events):
Event: 4.119 GC heap before
{Heap before GC invocations=8 (full 1):
 PSYoungGen      total 146432K, used 7756K [0x00000000d5d80000, 0x00000000e7b80000, 0x0000000100000000)
  eden space 132608K, 0% used [0x00000000d5d80000,0x00000000d5d80000,0x00000000ddf00000)
  from space 13824K, 56% used [0x00000000ddf00000,0x00000000de693340,0x00000000dec80000)
  to   space 13824K, 0% used [0x00000000e6e00000,0x00000000e6e00000,0x00000000e7b80000)
 ParOldGen       total 87552K, used 18678K [0x0000000081800000, 0x0000000086d80000, 0x00000000d5d80000)
  object space 87552K, 21% used [0x0000000081800000,0x0000000082a3d8d0,0x0000000086d80000)
 Metaspace       used 20595K, capacity 21102K, committed 21296K, reserved 1069056K
  class space    used 2442K, capacity 2617K, committed 2688K, reserved 1048576K
Event: 4.246 GC heap after
Heap after GC invocations=8 (full 1):
 PSYoungGen      total 146432K, used 0K [0x00000000d5d80000, 0x00000000e7b80000, 0x0000000100000000)
  eden space 132608K, 0% used [0x00000000d5d80000,0x00000000d5d80000,0x00000000ddf00000)
  from space 13824K, 0% used [0x00000000ddf00000,0x00000000ddf00000,0x00000000dec80000)
  to   space 13824K, 0% used [0x00000000e6e00000,0x00000000e6e00000,0x00000000e7b80000)
 ParOldGen       total 68096K, used 19885K [0x0000000081800000, 0x0000000085a80000, 0x00000000d5d80000)
  object space 68096K, 29% used [0x0000000081800000,0x0000000082b6b740,0x0000000085a80000)
 Metaspace       used 20595K, capacity 21102K, committed 21296K, reserved 1069056K
  class space    used 2442K, capacity 2617K, committed 2688K, reserved 1048576K
}
Event: 5.695 GC heap before
{Heap before GC invocations=9 (full 1):
 PSYoungGen      total 146432K, used 132608K [0x00000000d5d80000, 0x00000000e7b80000, 0x0000000100000000)
  eden space 132608K, 100% used [0x00000000d5d80000,0x00000000ddf00000,0x00000000ddf00000)
  from space 13824K, 0% used [0x00000000ddf00000,0x00000000ddf00000,0x00000000dec80000)
  to   space 13824K, 0% used [0x00000000e6e00000,0x00000000e6e00000,0x00000000e7b80000)
 ParOldGen       total 68096K, used 19885K [0x0000000081800000, 0x0000000085a80000, 0x00000000d5d80000)
  object space 68096K, 29% used [0x0000000081800000,0x0000000082b6b740,0x0000000085a80000)
 Metaspace       used 23514K, capacity 24214K, committed 24448K, reserved 1071104K
  class space    used 2747K, capacity 2907K, committed 2944K, reserved 1048576K
Event: 5.709 GC heap after
Heap after GC invocations=9 (full 1):
 PSYoungGen      total 243200K, used 13819K [0x00000000d5d80000, 0x00000000e7b80000, 0x0000000100000000)
  eden space 229376K, 0% used [0x00000000d5d80000,0x00000000d5d80000,0x00000000e3d80000)
  from space 13824K, 99% used [0x00000000e6e00000,0x00000000e7b7eee8,0x00000000e7b80000)
  to   space 15872K, 0% used [0x00000000e5c80000,0x00000000e5c80000,0x00000000e6c00000)
 ParOldGen       total 68096K, used 21741K [0x0000000081800000, 0x0000000085a80000, 0x00000000d5d80000)
  object space 68096K, 31% used [0x0000000081800000,0x0000000082d3b628,0x0000000085a80000)
 Metaspace       used 23514K, capacity 24214K, committed 24448K, reserved 1071104K
  class space    used 2747K, capacity 2907K, committed 2944K, reserved 1048576K
}
Event: 17.450 GC heap before
{Heap before GC invocations=10 (full 1):
 PSYoungGen      total 243200K, used 243195K [0x00000000d5d80000, 0x00000000e7b80000, 0x0000000100000000)
  eden space 229376K, 100% used [0x00000000d5d80000,0x00000000e3d80000,0x00000000e3d80000)
  from space 13824K, 99% used [0x00000000e6e00000,0x00000000e7b7eee8,0x00000000e7b80000)
  to   space 15872K, 0% used [0x00000000e5c80000,0x00000000e5c80000,0x00000000e6c00000)
 ParOldGen       total 68096K, used 21741K [0x0000000081800000, 0x0000000085a80000, 0x00000000d5d80000)
  object space 68096K, 31% used [0x0000000081800000,0x0000000082d3b628,0x0000000085a80000)
 Metaspace       used 29108K, capacity 29864K, committed 30080K, reserved 1075200K
  class space    used 3406K, capacity 3611K, committed 3712K, reserved 1048576K
Event: 17.489 GC heap after
Heap after GC invocations=10 (full 1):
 PSYoungGen      total 276992K, used 15862K [0x00000000d5d80000, 0x00000000ed000000, 0x0000000100000000)
  eden space 261120K, 0% used [0x00000000d5d80000,0x00000000d5d80000,0x00000000e5c80000)
  from space 15872K, 99% used [0x00000000e5c80000,0x00000000e6bfd9e8,0x00000000e6c00000)
  to   space 28672K, 0% used [0x00000000eb400000,0x00000000eb400000,0x00000000ed000000)
 ParOldGen       total 68096K, used 47834K [0x0000000081800000, 0x0000000085a80000, 0x00000000d5d80000)
  object space 68096K, 70% used [0x0000000081800000,0x00000000846b69c0,0x0000000085a80000)
 Metaspace       used 29108K, capacity 29864K, committed 30080K, reserved 1075200K
  class space    used 3406K, capacity 3611K, committed 3712K, reserved 1048576K
}
Event: 19.012 GC heap before
{Heap before GC invocations=11 (full 1):
 PSYoungGen      total 276992K, used 111830K [0x00000000d5d80000, 0x00000000ed000000, 0x0000000100000000)
  eden space 261120K, 36% used [0x00000000d5d80000,0x00000000dbb38058,0x00000000e5c80000)
  from space 15872K, 99% used [0x00000000e5c80000,0x00000000e6bfd9e8,0x00000000e6c00000)
  to   space 28672K, 0% used [0x00000000eb400000,0x00000000eb400000,0x00000000ed000000)
 ParOldGen       total 68096K, used 47834K [0x0000000081800000, 0x0000000085a80000, 0x00000000d5d80000)
  object space 68096K, 70% used [0x0000000081800000,0x00000000846b69c0,0x0000000085a80000)
 Metaspace       used 31923K, capacity 32826K, committed 33024K, reserved 1079296K
  class space    used 3760K, capacity 4002K, committed 4096K, reserved 1048576K
Event: 19.034 GC heap after
Heap after GC invocations=11 (full 1):
 PSYoungGen      total 348160K, used 25011K [0x00000000d5d80000, 0x00000000ed500000, 0x0000000100000000)
  eden space 319488K, 0% used [0x00000000d5d80000,0x00000000d5d80000,0x00000000e9580000)
  from space 28672K, 87% used [0x00000000eb400000,0x00000000ecc6cf30,0x00000000ed000000)
  to   space 31232K, 0% used [0x00000000e9580000,0x00000000e9580000,0x00000000eb400000)
 ParOldGen       total 68096K, used 51633K [0x0000000081800000, 0x0000000085a80000, 0x00000000d5d80000)
  object space 68096K, 75% used [0x0000000081800000,0x0000000084a6c570,0x0000000085a80000)
 Metaspace       used 31923K, capacity 32826K, committed 33024K, reserved 1079296K
  class space    used 3760K, capacity 4002K, committed 4096K, reserved 1048576K
}
Event: 19.034 GC heap before
{Heap before GC invocations=12 (full 2):
 PSYoungGen      total 348160K, used 25011K [0x00000000d5d80000, 0x00000000ed500000, 0x0000000100000000)
  eden space 319488K, 0% used [0x00000000d5d80000,0x00000000d5d80000,0x00000000e9580000)
  from space 28672K, 87% used [0x00000000eb400000,0x00000000ecc6cf30,0x00000000ed000000)
  to   space 31232K, 0% used [0x00000000e9580000,0x00000000e9580000,0x00000000eb400000)
 ParOldGen       total 68096K, used 51633K [0x0000000081800000, 0x0000000085a80000, 0x00000000d5d80000)
  object space 68096K, 75% used [0x0000000081800000,0x0000000084a6c570,0x0000000085a80000)
 Metaspace       used 31923K, capacity 32826K, committed 33024K, reserved 1079296K
  class space    used 3760K, capacity 4002K, committed 4096K, reserved 1048576K
Event: 19.243 GC heap after
Heap after GC invocations=12 (full 2):
 PSYoungGen      total 348160K, used 0K [0x00000000d5d80000, 0x00000000ed500000, 0x0000000100000000)
  eden space 319488K, 0% used [0x00000000d5d80000,0x00000000d5d80000,0x00000000e9580000)
  from space 28672K, 0% used [0x00000000eb400000,0x00000000eb400000,0x00000000ed000000)
  to   space 31232K, 0% used [0x00000000e9580000,0x00000000e9580000,0x00000000eb400000)
 ParOldGen       total 68096K, used 37059K [0x0000000081800000, 0x0000000085a80000, 0x00000000d5d80000)
  object space 68096K, 54% used [0x0000000081800000,0x0000000083c30f68,0x0000000085a80000)
 Metaspace       used 29790K, capacity 30528K, committed 33024K, reserved 1079296K
  class space    used 3470K, capacity 3687K, committed 4096K, reserved 1048576K
}

